

*******************************************************************************
Mon Mar  6 14:53:17 2023


FIT:    data read from "TEST.meas_points" u 1:2:3
        format = x:z:s
        #datapoints = 6
function used for fitting: ff(x)
fitted parameters initialized with current variable values



 Iteration 0
 WSSR        : 5.13275           delta(WSSR)/WSSR   : 0
 delta(WSSR) : 0                 limit for stopping : 1e-05
 lambda	  : 46.048

initial set of free parameter values

an              = 800
En              = 0.5

After 7 iterations the fit converged.
final sum of squares of residuals : 0.0623037
rel. change during last iteration : -2.16361e-06

degrees of freedom    (FIT_NDF)                        : 4
rms of residuals      (FIT_STDFIT) = sqrt(WSSR/ndf)    : 0.124804
variance of residuals (reduced chisquare) = WSSR/ndf   : 0.0155759

Final set of parameters            Asymptotic Standard Error
=======================            ==========================

an              = 770.12           +/- 11.46        (1.488%)
En              = 0.508156         +/- 0.002672     (0.5259%)


correlation matrix of the fit parameters:

               an     En     
an              1.000 
En              0.947  1.000 
